Arguments: 
  /home/gasakawa/.nvm/versions/node/v18.6.0/bin/node /usr/share/yarn/bin/yarn.js add -D fakes-js

PATH: 
  /home/gasakawa/.vscode-server/bin/3b889b090b5ad5793f524b5d1d39fda662b96a2a/bin/remote-cli:/home/gasakawa/.nvm/versions/node/v18.6.0/bin:/usr/local/sbin:/usr/local/bin:/usr/sbin:/usr/bin:/sbin:/bin:/usr/games:/usr/local/games:/usr/lib/wsl/lib:/mnt/c/windows/system32:/mnt/c/windows:/mnt/c/windows/System32/Wbem:/mnt/c/windows/System32/WindowsPowerShell/v1.0/:/mnt/c/windows/System32/OpenSSH/:/mnt/c/ProgramData/chocolatey/bin:/mnt/c/Program Files/Git/cmd:/mnt/c/Program Files/Docker/Docker/resources/bin:/mnt/c/ProgramData/DockerDesktop/version-bin:/mnt/c/Users/Gabriel_Asakawa/AppData/Local/Microsoft/WindowsApps:/mnt/c/Users/Gabriel_Asakawa/AppData/Local/Programs/Microsoft VS Code/bin:/mnt/c/Users/Gabriel_Asakawa/AppData/Local/nvs/

Yarn version: 
  1.22.19

Node version: 
  18.6.0

Platform: 
  linux x64

Trace: 
  Error: https://registry.yarnpkg.com/fakes-js: Not found
      at params.callback [as _callback] (/usr/share/yarn/lib/cli.js:66145:18)
      at self.callback (/usr/share/yarn/lib/cli.js:140890:22)
      at Request.emit (node:events:513:28)
      at Request.<anonymous> (/usr/share/yarn/lib/cli.js:141862:10)
      at Request.emit (node:events:513:28)
      at IncomingMessage.<anonymous> (/usr/share/yarn/lib/cli.js:141784:12)
      at Object.onceWrapper (node:events:627:28)
      at IncomingMessage.emit (node:events:525:35)
      at endReadableNT (node:internal/streams/readable:1359:12)
      at process.processTicksAndRejections (node:internal/process/task_queues:82:21)

npm manifest: 
  {
    "name": "one-tdd-bdd",
    "version": "1.0.0",
    "main": "index.js",
    "license": "MIT",
    "scripts": {
      "seed": "node ./seed/index.js"
    }
  }

yarn manifest: 
  No manifest

Lockfile: 
  No lockfile
